c:\users\pedro\source\repos\utn_lab2_proyecto_clinica\x64\debug\vc143.pdb
c:\users\pedro\source\repos\utn_lab2_proyecto_clinica\x64\debug\vc143.idb
c:\users\pedro\source\repos\utn_lab2_proyecto_clinica\x64\debug\_persona.obj
c:\users\pedro\source\repos\utn_lab2_proyecto_clinica\x64\debug\validaciones.obj
c:\users\pedro\source\repos\utn_lab2_proyecto_clinica\x64\debug\turno.obj
c:\users\pedro\source\repos\utn_lab2_proyecto_clinica\x64\debug\source.obj
c:\users\pedro\source\repos\utn_lab2_proyecto_clinica\x64\debug\paciente.obj
c:\users\pedro\source\repos\utn_lab2_proyecto_clinica\x64\debug\hora.obj
c:\users\pedro\source\repos\utn_lab2_proyecto_clinica\x64\debug\fecha.obj
c:\users\pedro\source\repos\utn_lab2_proyecto_clinica\x64\debug\especialista.obj
c:\users\pedro\source\repos\utn_lab2_proyecto_clinica\x64\debug\utn_lab2_proyectoclinica.exe
c:\users\pedro\source\repos\utn_lab2_proyecto_clinica\x64\debug\utn_lab2_proyectoclinica.ilk
c:\users\pedro\source\repos\utn_lab2_proyecto_clinica\x64\debug\utn_lab2_proyectoclinica.pdb
c:\users\pedro\source\repos\utn_lab2_proyecto_clinica\x64\debug\utn_lab2.fbddd26f.tlog\cl.command.1.tlog
c:\users\pedro\source\repos\utn_lab2_proyecto_clinica\x64\debug\utn_lab2.fbddd26f.tlog\cl.items.tlog
c:\users\pedro\source\repos\utn_lab2_proyecto_clinica\x64\debug\utn_lab2.fbddd26f.tlog\cl.read.1.tlog
c:\users\pedro\source\repos\utn_lab2_proyecto_clinica\x64\debug\utn_lab2.fbddd26f.tlog\cl.write.1.tlog
c:\users\pedro\source\repos\utn_lab2_proyecto_clinica\x64\debug\utn_lab2.fbddd26f.tlog\link.command.1.tlog
c:\users\pedro\source\repos\utn_lab2_proyecto_clinica\x64\debug\utn_lab2.fbddd26f.tlog\link.read.1.tlog
c:\users\pedro\source\repos\utn_lab2_proyecto_clinica\x64\debug\utn_lab2.fbddd26f.tlog\link.write.1.tlog
